<?xml version="1.0" encoding="UTF-8"?>
<testng-results skipped="0" failed="0" ignored="0" total="1" passed="1">
  <reporter-output>
  </reporter-output>
  <suite name="Default suite" duration-ms="17594" started-at="2018-05-22T12:51:03Z" finished-at="2018-05-22T12:51:20Z">
    <groups>
    </groups>
    <test name="Default test" duration-ms="17594" started-at="2018-05-22T12:51:03Z" finished-at="2018-05-22T12:51:20Z">
      <class name="oxygenPackage.Login_Orange">
        <test-method status="PASS" signature="LoginOrange(java.util.Hashtable)[pri:0, instance:oxygenPackage.Login_Orange@65045a87]" name="LoginOrange" duration-ms="11649" started-at="2018-05-22T12:51:03Z" data-provider="getExcelData" finished-at="2018-05-22T12:51:14Z">
          <params>
            <param index="0">
              <value>
                <![CDATA[{Actual_Result=Agency Dashboard, user=Admin, password=admin, Runmode=Y, Expected_Result=Agency Dashboard, Result=Actual result matched by Expected Result -- Pass, Browser=chrome}]]>
              </value>
            </param>
          </params>
          <reporter-output>
          </reporter-output>
        </test-method> <!-- LoginOrange -->
        <test-method status="PASS" signature="teardown()[pri:0, instance:oxygenPackage.Login_Orange@65045a87]" name="teardown" is-config="true" duration-ms="5908" started-at="2018-05-22T12:51:14Z" finished-at="2018-05-22T12:51:20Z">
          <reporter-output>
          </reporter-output>
        </test-method> <!-- teardown -->
      </class> <!-- oxygenPackage.Login_Orange -->
    </test> <!-- Default test -->
  </suite> <!-- Default suite -->
</testng-results>
